0 info it worked if it ends with ok
1 verbose cli [ 'C:\\Program Files\\nodejs\\node.exe',
1 verbose cli   'C:\\Program Files\\nodejs\\node_modules\\npm\\bin\\npm-cli.js',
1 verbose cli   'run',
1 verbose cli   'pug' ]
2 info using npm@3.10.10
3 info using node@v6.9.4
4 verbose run-script [ 'prepug', 'pug', 'postpug' ]
5 info lifecycle simple-html5-boilerplate@1.0.0~prepug: simple-html5-boilerplate@1.0.0
6 silly lifecycle simple-html5-boilerplate@1.0.0~prepug: no script for prepug, continuing
7 info lifecycle simple-html5-boilerplate@1.0.0~pug: simple-html5-boilerplate@1.0.0
8 verbose lifecycle simple-html5-boilerplate@1.0.0~pug: unsafe-perm in lifecycle true
9 verbose lifecycle simple-html5-boilerplate@1.0.0~pug: PATH: C:\Program Files\nodejs\node_modules\npm\bin\node-gyp-bin;H:\11Work\training\simple-html5-boilerplate\node_modules\.bin;C:\Program Files (x86)\Google\Chrome\Application;C:\ProgramData\Oracle\Java\javapath;C:\Windows\system32;C:\Windows;C:\Windows\System32\Wbem;C:\Windows\System32\WindowsPowerShell\v1.0\;C:\Program Files (x86)\NVIDIA Corporation\PhysX\Common;C:\Program Files\Git\cmd;"C:\Program Files (x86)\php";C:\Program Files (x86)\php;C:\Program Files\nodejs\;C:\Program Files (x86)\php-5.6.30;C:\ProgramData\ComposerSetup\bin;C:\Program Files (x86)\Skype\Phone\;C:\Ruby23-x64\bin;C:\Program Files (x86)\php-5.6.30;C:\Users\holymoly\AppData\Roaming\npm;C:\Program Files\Heroku\bin;C:\Users\holymoly\AppData\Local\atom\bin
10 verbose lifecycle simple-html5-boilerplate@1.0.0~pug: CWD: H:\11Work\training\simple-html5-boilerplate
11 silly lifecycle simple-html5-boilerplate@1.0.0~pug: Args: [ '/d /s /c', 'gulp pug-layout' ]
12 silly lifecycle simple-html5-boilerplate@1.0.0~pug: Returned: code: 1  signal: null
13 info lifecycle simple-html5-boilerplate@1.0.0~pug: Failed to exec pug script
14 verbose stack Error: simple-html5-boilerplate@1.0.0 pug: `gulp pug-layout`
14 verbose stack Exit status 1
14 verbose stack     at EventEmitter.<anonymous> (C:\Program Files\nodejs\node_modules\npm\lib\utils\lifecycle.js:255:16)
14 verbose stack     at emitTwo (events.js:106:13)
14 verbose stack     at EventEmitter.emit (events.js:191:7)
14 verbose stack     at ChildProcess.<anonymous> (C:\Program Files\nodejs\node_modules\npm\lib\utils\spawn.js:40:14)
14 verbose stack     at emitTwo (events.js:106:13)
14 verbose stack     at ChildProcess.emit (events.js:191:7)
14 verbose stack     at maybeClose (internal/child_process.js:877:16)
14 verbose stack     at Process.ChildProcess._handle.onexit (internal/child_process.js:226:5)
15 verbose pkgid simple-html5-boilerplate@1.0.0
16 verbose cwd H:\11Work\training\simple-html5-boilerplate
17 error Windows_NT 10.0.10586
18 error argv "C:\\Program Files\\nodejs\\node.exe" "C:\\Program Files\\nodejs\\node_modules\\npm\\bin\\npm-cli.js" "run" "pug"
19 error node v6.9.4
20 error npm  v3.10.10
21 error code ELIFECYCLE
22 error simple-html5-boilerplate@1.0.0 pug: `gulp pug-layout`
22 error Exit status 1
23 error Failed at the simple-html5-boilerplate@1.0.0 pug script 'gulp pug-layout'.
23 error Make sure you have the latest version of node.js and npm installed.
23 error If you do, this is most likely a problem with the simple-html5-boilerplate package,
23 error not with npm itself.
23 error Tell the author that this fails on your system:
23 error     gulp pug-layout
23 error You can get information on how to open an issue for this project with:
23 error     npm bugs simple-html5-boilerplate
23 error Or if that isn't available, you can get their info via:
23 error     npm owner ls simple-html5-boilerplate
23 error There is likely additional logging output above.
24 verbose exit [ 1, true ]
